01/16 18:56:58 [DEBUG] [129836] [COMPS.Data.SerializableEntity] OutputFileMetadata --> {'Id': '_internal_id', 'Length': 'length', 'FriendlyName': 'friendly_name', 'PathFromRoot': 'path_from_root', 'Url': 'url', 'MimeType': 'mime_type'}
01/16 18:56:58 [DEBUG] [129836] [COMPS.Data.SerializableEntity] AssetFile --> {'FileName': 'file_name', 'MD5Checksum': 'md5_checksum', 'Length': 'length', 'Uri': 'uri'}
01/16 18:56:58 [DEBUG] [129836] [COMPS.Data.SerializableEntity] AssetCollectionFile --> {'RelativePath': 'relative_path', 'Tags': 'tags', 'FileName': 'file_name', 'MD5Checksum': 'md5_checksum', 'Length': 'length', 'Uri': 'uri'}
01/16 18:56:58 [DEBUG] [129836] [COMPS.Data.SerializableEntity] AssetCollection --> {'Id': 'id', 'DateCreated': 'date_created', 'Tags': 'tags', 'Assets': 'assets'}
01/16 18:56:58 [DEBUG] [129836] [COMPS.Data.SerializableEntity] Configuration --> {'EnvironmentName': 'environment_name', 'SimulationInputArgs': 'simulation_input_args', 'WorkingDirectoryRoot': 'working_directory_root', 'ExecutablePath': 'executable_path', 'NodeGroupName': 'node_group_name', 'MaximumNumberOfRetries': 'maximum_number_of_retries', 'Priority': 'priority', 'MinCores': 'min_cores', 'MaxCores': 'max_cores', 'Exclusive': 'exclusive', 'AssetCollectionId': 'asset_collection_id'}
01/16 18:56:58 [DEBUG] [129836] [COMPS.Data.SerializableEntity] SimulationFile --> {'FileType': 'file_type', 'Description': 'description', 'FileName': 'file_name', 'MD5Checksum': 'md5_checksum', 'Length': 'length', 'Uri': 'uri'}
01/16 18:56:58 [DEBUG] [129836] [COMPS.Data.SerializableEntity] WorkItemFile --> {'FileType': 'file_type', 'Description': 'description', 'FileName': 'file_name', 'MD5Checksum': 'md5_checksum', 'Length': 'length', 'Uri': 'uri'}
01/16 18:56:58 [DEBUG] [129836] [COMPS.Data.SerializableEntity] HpcJob --> {'Id': '_internal_id', 'JobId': 'job_id', 'JobState': 'job_state', 'Priority': 'priority', 'WorkingDirectory': 'working_directory', 'OutputDirectorySize': 'output_directory_size', 'SubmitTime': 'submit_time', 'StartTime': 'start_time', 'EndTime': 'end_time', 'ErrorMessage': 'error_message', 'Configuration': 'configuration'}
01/16 18:56:58 [DEBUG] [129836] [COMPS.Data.SerializableEntity] Simulation --> {'Id': 'id', 'ExperimentId': 'experiment_id', 'Name': 'name', 'Description': 'description', 'Owner': 'owner', 'DateCreated': 'date_created', 'LastModified': 'last_modified', 'SimulationState': 'state', 'ErrorMessage': 'error_message', 'Tags': 'tags', 'Configuration': 'configuration', 'Files': 'files', 'HPCJobs': 'hpc_jobs'}
01/16 18:56:58 [DEBUG] [129836] [COMPS.Data.SerializableEntity] Experiment --> {'Id': 'id', 'SuiteId': 'suite_id', 'Name': 'name', 'Description': 'description', 'Owner': 'owner', 'DateCreated': 'date_created', 'LastModified': 'last_modified', 'Tags': 'tags', 'Configuration': 'configuration'}
01/16 18:56:58 [DEBUG] [129836] [COMPS.Data.SerializableEntity] Suite --> {'Id': 'id', 'Name': 'name', 'Description': 'description', 'Owner': 'owner', 'DateCreated': 'date_created', 'LastModified': 'last_modified', 'Tags': 'tags', 'Configuration': 'configuration'}
01/16 18:56:58 [DEBUG] [129836] [COMPS.Data.SerializableEntity] WorkItem --> {'Id': 'id', 'Name': 'name', 'Worker': 'worker', 'EnvironmentName': 'environment_name', 'Description': 'description', 'Owner': 'owner', 'DateCreated': 'date_created', 'LastModified': 'last_modified', 'State': 'state', 'ErrorMessage': 'error_message', 'HostName': 'host_name', 'WorkerInstanceId': 'worker_instance_id', 'WorkItemPriority': 'priority', 'WorkingDirectory': 'working_directory', 'WorkingDirectorySize': 'working_directory_size', 'AssetCollectionId': 'asset_collection_id', 'Tags': 'tags', 'Files': 'files', 'Plugins': 'plugins'}
01/16 18:56:58 [DEBUG] [129836] [COMPS.Client] Parsed login host: ('https', 'comps.idmod.org', None)
01/16 18:56:59 [DEBUG] [129836] [COMPS.Client] Parsed login host: ('https', 'comps.idmod.org', None)
01/16 18:56:59 [INFO] [129836] [COMPS.Client] Already logged into https://comps.idmod.org.  Skipping login.
01/16 18:56:59 [DEBUG] [129836] [COMPS.Client] REQUEST -> GET https://comps.idmod.org/api/ld/DataSets.json
01/16 18:56:59 [DEBUG] [129836] [COMPS.Data.WorkItem] md5 checksum for file WorkOrder.json is 233a80b0-93d3-ca1e-82e9-a9c8dbd9a9dc
01/16 18:56:59 [DEBUG] [129836] [COMPS.Data.WorkItem] md5 checksum for file bf_indie_grid_demographics.json is c21646f7-1738-ce3a-c8c6-f8696b3a398e
01/16 18:56:59 [DEBUG] [129836] [COMPS.Data.WorkItem] No save_semaphore passed in; using process-local semaphore
01/16 18:56:59 [DEBUG] [129836] [COMPS.Client] REQUEST -> POST https://comps.idmod.org/api/WorkItems
01/16 18:57:00 [DEBUG] [129836] [COMPS.Client] REQUEST -> PUT https://comps.idmod.org/api/WorkItems/239ede41-3077-ec11-a9f2-9440c9be2c51/State/CommissionRequested
