01/16 20:22:34 [DEBUG] [130332] [COMPS.Data.SerializableEntity] OutputFileMetadata --> {'Id': '_internal_id', 'Length': 'length', 'FriendlyName': 'friendly_name', 'PathFromRoot': 'path_from_root', 'Url': 'url', 'MimeType': 'mime_type'}
01/16 20:22:34 [DEBUG] [130332] [COMPS.Data.SerializableEntity] AssetFile --> {'FileName': 'file_name', 'MD5Checksum': 'md5_checksum', 'Length': 'length', 'Uri': 'uri'}
01/16 20:22:34 [DEBUG] [130332] [COMPS.Data.SerializableEntity] AssetCollectionFile --> {'RelativePath': 'relative_path', 'Tags': 'tags', 'FileName': 'file_name', 'MD5Checksum': 'md5_checksum', 'Length': 'length', 'Uri': 'uri'}
01/16 20:22:34 [DEBUG] [130332] [COMPS.Data.SerializableEntity] AssetCollection --> {'Id': 'id', 'DateCreated': 'date_created', 'Tags': 'tags', 'Assets': 'assets'}
01/16 20:22:34 [DEBUG] [130332] [COMPS.Data.SerializableEntity] Configuration --> {'EnvironmentName': 'environment_name', 'SimulationInputArgs': 'simulation_input_args', 'WorkingDirectoryRoot': 'working_directory_root', 'ExecutablePath': 'executable_path', 'NodeGroupName': 'node_group_name', 'MaximumNumberOfRetries': 'maximum_number_of_retries', 'Priority': 'priority', 'MinCores': 'min_cores', 'MaxCores': 'max_cores', 'Exclusive': 'exclusive', 'AssetCollectionId': 'asset_collection_id'}
01/16 20:22:34 [DEBUG] [130332] [COMPS.Data.SerializableEntity] SimulationFile --> {'FileType': 'file_type', 'Description': 'description', 'FileName': 'file_name', 'MD5Checksum': 'md5_checksum', 'Length': 'length', 'Uri': 'uri'}
01/16 20:22:34 [DEBUG] [130332] [COMPS.Data.SerializableEntity] WorkItemFile --> {'FileType': 'file_type', 'Description': 'description', 'FileName': 'file_name', 'MD5Checksum': 'md5_checksum', 'Length': 'length', 'Uri': 'uri'}
01/16 20:22:34 [DEBUG] [130332] [COMPS.Data.SerializableEntity] HpcJob --> {'Id': '_internal_id', 'JobId': 'job_id', 'JobState': 'job_state', 'Priority': 'priority', 'WorkingDirectory': 'working_directory', 'OutputDirectorySize': 'output_directory_size', 'SubmitTime': 'submit_time', 'StartTime': 'start_time', 'EndTime': 'end_time', 'ErrorMessage': 'error_message', 'Configuration': 'configuration'}
01/16 20:22:34 [DEBUG] [130332] [COMPS.Data.SerializableEntity] Simulation --> {'Id': 'id', 'ExperimentId': 'experiment_id', 'Name': 'name', 'Description': 'description', 'Owner': 'owner', 'DateCreated': 'date_created', 'LastModified': 'last_modified', 'SimulationState': 'state', 'ErrorMessage': 'error_message', 'Tags': 'tags', 'Configuration': 'configuration', 'Files': 'files', 'HPCJobs': 'hpc_jobs'}
01/16 20:22:34 [DEBUG] [130332] [COMPS.Data.SerializableEntity] Experiment --> {'Id': 'id', 'SuiteId': 'suite_id', 'Name': 'name', 'Description': 'description', 'Owner': 'owner', 'DateCreated': 'date_created', 'LastModified': 'last_modified', 'Tags': 'tags', 'Configuration': 'configuration'}
01/16 20:22:34 [DEBUG] [130332] [COMPS.Data.SerializableEntity] Suite --> {'Id': 'id', 'Name': 'name', 'Description': 'description', 'Owner': 'owner', 'DateCreated': 'date_created', 'LastModified': 'last_modified', 'Tags': 'tags', 'Configuration': 'configuration'}
01/16 20:22:34 [DEBUG] [130332] [COMPS.Data.SerializableEntity] WorkItem --> {'Id': 'id', 'Name': 'name', 'Worker': 'worker', 'EnvironmentName': 'environment_name', 'Description': 'description', 'Owner': 'owner', 'DateCreated': 'date_created', 'LastModified': 'last_modified', 'State': 'state', 'ErrorMessage': 'error_message', 'HostName': 'host_name', 'WorkerInstanceId': 'worker_instance_id', 'WorkItemPriority': 'priority', 'WorkingDirectory': 'working_directory', 'WorkingDirectorySize': 'working_directory_size', 'AssetCollectionId': 'asset_collection_id', 'Tags': 'tags', 'Files': 'files', 'Plugins': 'plugins'}
01/16 20:22:34 [DEBUG] [130332] [COMPS.Client] Parsed login host: ('https', 'comps.idmod.org', None)
01/16 20:22:34 [DEBUG] [130332] [COMPS.Client] REQUEST -> GET https://comps.idmod.org/api/Simulations/b32a3ebc-3677-ec11-a9f2-9440c9be2c51 {'count': 100000}
01/16 20:22:35 [DEBUG] [130332] [COMPS.Client] REQUEST -> GET https://comps.idmod.org/api/Experiments/b22a3ebc-3677-ec11-a9f2-9440c9be2c51 {'children': 'Tags'}
01/16 20:22:35 [DEBUG] [130332] [COMPS.Client] REQUEST -> GET https://comps.idmod.org/api/Simulations {'filters': 'ExperimentId=b22a3ebc-3677-ec11-a9f2-9440c9be2c51', 'count': 100000}
01/16 20:22:35 [DEBUG] [130332] [COMPS.Client] REQUEST -> GET https://comps.idmod.org/asset/Simulations/b32a3ebc-3677-ec11-a9f2-9440c9be2c51/Output {'flatten': 1}
01/16 20:22:36 [DEBUG] [130332] [COMPS.Data.AssetManager] adding [output/InsetChart.json -> InsetChart.json] to map
01/16 20:22:36 [DEBUG] [130332] [COMPS.Data.AssetManager] adding [output/ReportEventCounter.json -> ReportEventCounter.json] to map
01/16 20:22:36 [DEBUG] [130332] [COMPS.Data.AssetManager] adding [output/SpatialReportMalariaFiltered_New_Clinical_Cases.bin -> SpatialReportMalariaFiltered_New_Clinical_Cases.bin] to map
01/16 20:22:36 [DEBUG] [130332] [COMPS.Data.AssetManager] adding [output/SpatialReportMalariaFiltered_New_Infections.bin -> SpatialReportMalariaFiltered_New_Infections.bin] to map
01/16 20:22:36 [DEBUG] [130332] [COMPS.Data.AssetManager] adding [output/SpatialReportMalariaFiltered_PCR_Parasite_Prevalence.bin -> SpatialReportMalariaFiltered_PCR_Parasite_Prevalence.bin] to map
01/16 20:22:36 [DEBUG] [130332] [COMPS.Data.AssetManager] adding [output/SpatialReportMalariaFiltered_Population.bin -> SpatialReportMalariaFiltered_Population.bin] to map
01/16 20:22:36 [DEBUG] [130332] [COMPS.Data.AssetManager] adding [campaign.json -> campaign.json] to map
01/16 20:22:36 [DEBUG] [130332] [COMPS.Data.AssetManager] adding [config.json -> config.json] to map
01/16 20:22:36 [DEBUG] [130332] [COMPS.Data.AssetManager] adding [custom_reports.json -> custom_reports.json] to map
01/16 20:22:36 [DEBUG] [130332] [COMPS.Data.AssetManager] adding [emodules_map.json -> emodules_map.json] to map
01/16 20:22:36 [DEBUG] [130332] [COMPS.Data.AssetManager] adding [status.txt -> status.txt] to map
01/16 20:22:36 [DEBUG] [130332] [COMPS.Data.AssetManager] adding [stderr.txt -> stderr.txt] to map
01/16 20:22:36 [DEBUG] [130332] [COMPS.Data.AssetManager] adding [stdout.txt -> stdout.txt] to map
01/16 20:22:36 [DEBUG] [130332] [COMPS.Client] REQUEST -> GET https://comps.idmod.org/asset/download/7TGpaaG5WL9XqExsTussRfRNuaL28hWzEzbSS4kDcCk_/UmVzZXJ2ZWRGb3JGdXR1cmVVc2U_/XFxpbnRlcm5hbC5pZG0uY3RyXElETVxIb21lXGpnZXJhcmRpblxvdXRwdXRcYmZfaW5kaWVfaHNfc3dlZXBfMjAyMjAxMTdfMDE0MzIyXDEzZVw0NWNcYzkzXDEzZTQ1Y2M5LTM2NzctZWMxMS1hOWYyLTk0NDBjOWJlMmM1MVxvdXRwdXRcU3BhdGlhbFJlcG9ydE1hbGFyaWFGaWx0ZXJlZF9OZXdfSW5mZWN0aW9ucy5iaW4_/SpatialReportMalariaFiltered_New_Infections.bin
01/16 20:22:36 [DEBUG] [130332] [COMPS.Client] REQUEST -> GET https://comps.idmod.org/asset/download/XKNJghnQZ3CThdpSwT.rt3wIYD01Szkxw0mS-2ggACE_/UmVzZXJ2ZWRGb3JGdXR1cmVVc2U_/XFxpbnRlcm5hbC5pZG0uY3RyXElETVxIb21lXGpnZXJhcmRpblxvdXRwdXRcYmZfaW5kaWVfaHNfc3dlZXBfMjAyMjAxMTdfMDE0MzIyXDEzZVw0NWNcYzkzXDEzZTQ1Y2M5LTM2NzctZWMxMS1hOWYyLTk0NDBjOWJlMmM1MVxvdXRwdXRcU3BhdGlhbFJlcG9ydE1hbGFyaWFGaWx0ZXJlZF9OZXdfQ2xpbmljYWxfQ2FzZXMuYmlu/SpatialReportMalariaFiltered_New_Clinical_Cases.bin
01/16 20:22:36 [DEBUG] [130332] [COMPS.Client] REQUEST -> GET https://comps.idmod.org/asset/download/IWkPOUqvcZr71VGcqniOgIdXjd07GhUGpl9GVKMeOgM_/UmVzZXJ2ZWRGb3JGdXR1cmVVc2U_/XFxpbnRlcm5hbC5pZG0uY3RyXElETVxIb21lXGpnZXJhcmRpblxvdXRwdXRcYmZfaW5kaWVfaHNfc3dlZXBfMjAyMjAxMTdfMDE0MzIyXDEzZVw0NWNcYzkzXDEzZTQ1Y2M5LTM2NzctZWMxMS1hOWYyLTk0NDBjOWJlMmM1MVxvdXRwdXRcU3BhdGlhbFJlcG9ydE1hbGFyaWFGaWx0ZXJlZF9Qb3B1bGF0aW9uLmJpbg__/SpatialReportMalariaFiltered_Population.bin
01/16 20:22:37 [DEBUG] [130332] [COMPS.Client] REQUEST -> GET https://comps.idmod.org/asset/download/h08MCjj-aPgHHklXsIXnspbGMlk-bLsQ5VNW4UVsYVM_/UmVzZXJ2ZWRGb3JGdXR1cmVVc2U_/XFxpbnRlcm5hbC5pZG0uY3RyXElETVxIb21lXGpnZXJhcmRpblxvdXRwdXRcYmZfaW5kaWVfaHNfc3dlZXBfMjAyMjAxMTdfMDE0MzIyXDEzZVw0NWNcYzkzXDEzZTQ1Y2M5LTM2NzctZWMxMS1hOWYyLTk0NDBjOWJlMmM1MVxvdXRwdXRcU3BhdGlhbFJlcG9ydE1hbGFyaWFGaWx0ZXJlZF9QQ1JfUGFyYXNpdGVfUHJldmFsZW5jZS5iaW4_/SpatialReportMalariaFiltered_PCR_Parasite_Prevalence.bin
